2026-02-24 11:44:35,406 - INFO - Starting End-to-End Production ML Pipeline
2026-02-24 11:44:35,407 - INFO - Loading data from data/Pump_Predictive_Maintenance_Dataset_25K.xlsx
2026-02-24 11:44:46,867 - INFO - Handling missing values
2026-02-24 11:44:46,931 - INFO - Detecting and capping outliers for columns: ['Vibration', 'Bearing_Temperature', 'Inlet_Pressure', 'Outlet_Pressure', 'Flow_Rate', 'Current', 'RPM', 'Maintenance_History_Flag', 'RollingMean_3h_Vibration', 'RollingMean_6h_Vibration', 'RollingStd_3h_Vibration', 'Lag_1h_Vibration', 'Lag_3h_Vibration', 'Lag_6h_Vibration']
2026-02-24 11:44:46,983 - INFO - Encoding categorical columns
2026-02-24 11:44:47,000 - INFO - Performing time-based split at ratio 0.8
2026-02-24 11:44:47,004 - INFO - Engineering features for training set...
2026-02-24 11:44:47,004 - INFO - Creating rolling features for windows [3, 6]
2026-02-24 11:44:47,290 - INFO - Creating lag features for lags [1, 3, 6]
2026-02-24 11:44:47,342 - INFO - Creating domain-specific features
2026-02-24 11:44:47,370 - INFO - Engineering features for test set...
2026-02-24 11:44:47,371 - INFO - Creating rolling features for windows [3, 6]
2026-02-24 11:44:47,504 - INFO - Creating lag features for lags [1, 3, 6]
2026-02-24 11:44:47,537 - INFO - Creating domain-specific features
2026-02-24 11:44:47,560 - INFO - Starting Classification Model Training
2026-02-24 11:44:47,616 - INFO - Model saved to models/clf_scaler.pkl
2026-02-24 11:44:47,617 - INFO - Training Logistic Regression...
2026-02-24 11:44:48,594 - INFO - Logistic Regression Results - Recall: 0.9848, AUC: 0.9849
2026-02-24 11:44:48,594 - INFO - Training Random Forest...
2026-02-24 11:44:53,011 - INFO - Random Forest Results - Recall: 0.9848, AUC: 1.0000
2026-02-24 11:44:53,012 - INFO - Training XGBoost...
2026-02-24 11:44:53,931 - INFO - XGBoost Results - Recall: 0.9848, AUC: 0.9999
2026-02-24 11:44:53,986 - INFO - Metrics saved to outputs/classification_metrics.csv
2026-02-24 11:44:53,986 - INFO - Best Classification Model: XGBoost with Recall: 0.9848
2026-02-24 11:44:53,995 - INFO - Model saved to models/failure_model.pkl
2026-02-24 11:44:53,997 - INFO - Starting Regression Model Training for RUL
2026-02-24 11:44:54,046 - INFO - Model saved to models/reg_scaler.pkl
2026-02-24 11:44:54,046 - INFO - Training Linear Regression...
2026-02-24 11:44:54,193 - INFO - Linear Regression Results - RMSE: 725.9964, R2: -29.7509
2026-02-24 11:44:54,193 - INFO - Training Random Forest...
2026-02-24 11:46:22,280 - INFO - Random Forest Results - RMSE: 270.5773, R2: -3.2714
2026-02-24 11:46:22,280 - INFO - Training XGBoost...
2026-02-24 11:46:23,025 - INFO - XGBoost Results - RMSE: 236.3283, R2: -2.2585
2026-02-24 11:46:23,034 - INFO - Metrics saved to outputs/regression_metrics.csv
2026-02-24 11:46:23,034 - INFO - Best Regression Model: XGBoost with RMSE: 236.3283
2026-02-24 11:46:23,037 - INFO - Model saved to models/rul_model.pkl
2026-02-24 11:46:23,040 - INFO - Running explainability analysis...
2026-02-24 11:46:23,040 - INFO - Plotting feature importance for Classification
2026-02-24 11:46:23,977 - INFO - Top 5 Contributors for Classification: ['Health_Status', 'Vibration_roll_mean_3h', 'Vibration', 'Bearing_Temperature_roll_mean_6h', 'Rate_of_Change_Vibration']
2026-02-24 11:46:23,981 - INFO - Running SHAP analysis for Classification
2026-02-24 11:46:24,518 - INFO - SHAP summary plot saved for Classification
